2025-05-08 12:03:04 - ==================== training arguments ====================
2025-05-08 12:03:04 - model: deit_small_distilled_patch16_224
2025-05-08 12:03:04 - input_size: 224
2025-05-08 12:03:04 - drop: 0.0
2025-05-08 12:03:04 - drop_path: 0.1
2025-05-08 12:03:04 - max_iter: 2000
2025-05-08 12:03:04 - batch_size: 64
2025-05-08 12:03:04 - lr: 3e-05
2025-05-08 12:03:04 - opt: adamw
2025-05-08 12:03:04 - opt_eps: 1e-08
2025-05-08 12:03:04 - opt_betas: None
2025-05-08 12:03:04 - clip_grad: None
2025-05-08 12:03:04 - momentum: 0.9
2025-05-08 12:03:04 - weight_decay: 0.0005
2025-05-08 12:03:04 - dataset: cub200
2025-05-08 12:03:04 - data_path: CUB_200_2011\CUB_200_2011
2025-05-08 12:03:04 - m: 0
2025-05-08 12:03:04 - rank: [1, 2, 4, 8]
2025-05-08 12:03:04 - num_workers: 16
2025-05-08 12:03:04 - pin_mem: True
2025-05-08 12:03:04 - lambda_reg: 0.7
2025-05-08 12:03:04 - margin: 0.5
2025-05-08 12:03:04 - memory_ratio: 1.0
2025-05-08 12:03:04 - encoder_momentum: None
2025-05-08 12:03:04 - logging_freq: 100
2025-05-08 12:03:04 - output_dir: ./outputs\cub200
2025-05-08 12:03:04 - log_dir: ./logs\cub200
2025-05-08 12:03:04 - device: cuda:0
2025-05-08 12:03:04 - seed: 0
2025-05-08 12:03:04 - ============================================================
2025-05-08 12:03:05 - Number of training examples: 5864
2025-05-08 12:03:05 - Number of query examples: 5924
2025-05-08 12:03:05 - Loading pretrained weights from url (https://dl.fbaipublicfiles.com/deit/deit_small_distilled_patch16_224-649709d9.pth)
2025-05-08 12:03:05 - Number of params: 21.67 M
2025-05-08 12:35:56 - ==================== training arguments ====================
2025-05-08 12:35:56 - model: deit_small_distilled_patch16_224
2025-05-08 12:35:56 - input_size: 224
2025-05-08 12:35:56 - drop: 0.0
2025-05-08 12:35:56 - drop_path: 0.1
2025-05-08 12:35:56 - max_iter: 2000
2025-05-08 12:35:56 - batch_size: 64
2025-05-08 12:35:56 - lr: 3e-05
2025-05-08 12:35:56 - opt: adamw
2025-05-08 12:35:56 - opt_eps: 1e-08
2025-05-08 12:35:56 - opt_betas: None
2025-05-08 12:35:56 - clip_grad: None
2025-05-08 12:35:56 - momentum: 0.9
2025-05-08 12:35:56 - weight_decay: 0.0005
2025-05-08 12:35:56 - dataset: cub200
2025-05-08 12:35:56 - data_path: CUB_200_2011\CUB_200_2011
2025-05-08 12:35:56 - m: 0
2025-05-08 12:35:56 - rank: [1, 2, 4, 8]
2025-05-08 12:35:56 - num_workers: 16
2025-05-08 12:35:56 - pin_mem: True
2025-05-08 12:35:56 - lambda_reg: 0.7
2025-05-08 12:35:56 - margin: 0.5
2025-05-08 12:35:56 - memory_ratio: 1.0
2025-05-08 12:35:56 - encoder_momentum: None
2025-05-08 12:35:56 - logging_freq: 100
2025-05-08 12:35:56 - output_dir: ./outputs\cub200
2025-05-08 12:35:56 - log_dir: ./logs\cub200
2025-05-08 12:35:56 - device: cuda:0
2025-05-08 12:35:56 - seed: 0
2025-05-08 12:35:56 - ============================================================
2025-05-08 12:35:56 - Number of training examples: 5864
2025-05-08 12:35:56 - Number of query examples: 5924
2025-05-08 12:35:56 - Loading pretrained weights from url (https://dl.fbaipublicfiles.com/deit/deit_small_distilled_patch16_224-649709d9.pth)
2025-05-08 12:35:56 - Number of params: 21.67 M
2025-05-08 12:43:08 - ==================== training arguments ====================
2025-05-08 12:43:08 - model: deit_small_distilled_patch16_224
2025-05-08 12:43:08 - input_size: 224
2025-05-08 12:43:08 - drop: 0.0
2025-05-08 12:43:08 - drop_path: 0.1
2025-05-08 12:43:08 - max_iter: 2000
2025-05-08 12:43:08 - batch_size: 64
2025-05-08 12:43:08 - lr: 3e-05
2025-05-08 12:43:08 - opt: adamw
2025-05-08 12:43:08 - opt_eps: 1e-08
2025-05-08 12:43:08 - opt_betas: None
2025-05-08 12:43:08 - clip_grad: None
2025-05-08 12:43:08 - momentum: 0.9
2025-05-08 12:43:08 - weight_decay: 0.0005
2025-05-08 12:43:08 - dataset: cub200
2025-05-08 12:43:08 - data_path: CUB_200_2011\CUB_200_2011
2025-05-08 12:43:08 - m: 0
2025-05-08 12:43:08 - rank: [1, 2, 4, 8]
2025-05-08 12:43:08 - num_workers: 16
2025-05-08 12:43:08 - pin_mem: True
2025-05-08 12:43:08 - lambda_reg: 0.7
2025-05-08 12:43:08 - margin: 0.5
2025-05-08 12:43:08 - memory_ratio: 1.0
2025-05-08 12:43:08 - encoder_momentum: None
2025-05-08 12:43:08 - logging_freq: 100
2025-05-08 12:43:08 - output_dir: ./outputs\cub200
2025-05-08 12:43:08 - log_dir: ./logs\cub200
2025-05-08 12:43:08 - device: cuda:0
2025-05-08 12:43:08 - seed: 0
2025-05-08 12:43:08 - ============================================================
2025-05-08 12:43:08 - Number of training examples: 5864
2025-05-08 12:43:08 - Number of query examples: 5924
2025-05-08 12:43:08 - Loading pretrained weights from url (https://dl.fbaipublicfiles.com/deit/deit_small_distilled_patch16_224-649709d9.pth)
2025-05-08 12:43:08 - Number of params: 21.67 M
2025-05-08 12:45:33 - Iteration [  100/2,000] contrastive: 1.0824  regularization : -0.0440(x 0.7) total_loss: 1.0516  
2025-05-08 12:46:56 - Iteration [  200/2,000] contrastive: 0.9704  regularization : -0.0638(x 0.7) total_loss: 0.9257  
2025-05-08 12:48:17 - Iteration [  300/2,000] contrastive: 1.0150  regularization : -0.0680(x 0.7) total_loss: 0.9674  
2025-05-08 12:49:38 - Iteration [  400/2,000] contrastive: 0.9798  regularization : -0.0745(x 0.7) total_loss: 0.9276  
2025-05-08 12:50:59 - Iteration [  500/2,000] contrastive: 0.8922  regularization : -0.0467(x 0.7) total_loss: 0.8594  
2025-05-08 12:52:22 - Iteration [  600/2,000] contrastive: 0.9224  regularization : -0.0704(x 0.7) total_loss: 0.8732  
2025-05-08 12:53:44 - Iteration [  700/2,000] contrastive: 1.0470  regularization : -0.0743(x 0.7) total_loss: 0.9950  
2025-05-08 12:55:06 - Iteration [  800/2,000] contrastive: 1.0830  regularization : -0.1020(x 0.7) total_loss: 1.0116  
2025-05-08 12:56:28 - Iteration [  900/2,000] contrastive: 1.0883  regularization : -0.1042(x 0.7) total_loss: 1.0154  
2025-05-08 12:57:49 - Iteration [1,000/2,000] contrastive: 1.0469  regularization : -0.0939(x 0.7) total_loss: 0.9812  
2025-05-08 12:59:11 - Iteration [1,100/2,000] contrastive: 1.0799  regularization : -0.0940(x 0.7) total_loss: 1.0141  
2025-05-08 13:01:35 - Iteration [1,200/2,000] contrastive: 0.9908  regularization : -0.0843(x 0.7) total_loss: 0.9317  
2025-05-08 13:02:57 - Iteration [1,300/2,000] contrastive: 0.9386  regularization : -0.0740(x 0.7) total_loss: 0.8868  
2025-05-08 13:04:19 - Iteration [1,400/2,000] contrastive: 0.8788  regularization : -0.0808(x 0.7) total_loss: 0.8223  
2025-05-08 13:05:40 - Iteration [1,500/2,000] contrastive: 0.8979  regularization : -0.0984(x 0.7) total_loss: 0.8290  
2025-05-08 13:07:02 - Iteration [1,600/2,000] contrastive: 0.7618  regularization : -0.1004(x 0.7) total_loss: 0.6916  
2025-05-08 13:08:24 - Iteration [1,700/2,000] contrastive: 0.8679  regularization : -0.0883(x 0.7) total_loss: 0.8061  
2025-05-08 13:09:46 - Iteration [1,800/2,000] contrastive: 0.9164  regularization : -0.0987(x 0.7) total_loss: 0.8473  
2025-05-08 13:11:07 - Iteration [1,900/2,000] contrastive: 0.8953  regularization : -0.0900(x 0.7) total_loss: 0.8323  
2025-05-08 13:12:29 - Iteration [2,000/2,000] contrastive: 0.9980  regularization : -0.1115(x 0.7) total_loss: 0.9200  
2025-05-08 13:12:31 - Start evaluation job
2025-05-08 13:13:43 - Recall@1 : 75.76%
2025-05-08 13:13:43 - Recall@2 : 84.25%
2025-05-08 13:13:43 - Recall@4 : 90.26%
2025-05-08 13:13:43 - Recall@8 : 93.64%
2025-05-08 13:13:43 - Training time 0:30:34
